<?xml version="1.0" encoding="UTF-8"?>
<testsuite xmlns:xsi="http://www.w3.org/2001/XMLSchema-instance" xsi:noNamespaceSchemaLocation="https://maven.apache.org/surefire/maven-surefire-plugin/xsd/surefire-test-report.xsd" version="3.0.2" name="com.store.bookstore.BookStoreApplicationTests" time="2.744" tests="1" errors="0" skipped="0" failures="0">
  <properties>
    <property name="java.specification.version" value="18"/>
    <property name="sun.cpu.isalist" value="amd64"/>
    <property name="sun.jnu.encoding" value="Cp1252"/>
    <property name="java.class.path" value="C:\Users\Vladyslav\IdeaProjects\spring-boot-book-store\target\test-classes;C:\Users\Vladyslav\IdeaProjects\spring-boot-book-store\target\classes;C:\Users\Vladyslav\.m2\repository\org\springframework\boot\spring-boot-starter\3.4.0-M3\spring-boot-starter-3.4.0-M3.jar;C:\Users\Vladyslav\.m2\repository\org\springframework\boot\spring-boot\3.4.0-M3\spring-boot-3.4.0-M3.jar;C:\Users\Vladyslav\.m2\repository\org\springframework\spring-context\6.2.0-RC1\spring-context-6.2.0-RC1.jar;C:\Users\Vladyslav\.m2\repository\org\springframework\spring-expression\6.2.0-RC1\spring-expression-6.2.0-RC1.jar;C:\Users\Vladyslav\.m2\repository\io\micrometer\micrometer-observation\1.14.0-M3\micrometer-observation-1.14.0-M3.jar;C:\Users\Vladyslav\.m2\repository\io\micrometer\micrometer-commons\1.14.0-M3\micrometer-commons-1.14.0-M3.jar;C:\Users\Vladyslav\.m2\repository\org\springframework\boot\spring-boot-autoconfigure\3.4.0-M3\spring-boot-autoconfigure-3.4.0-M3.jar;C:\Users\Vladyslav\.m2\repository\org\springframework\boot\spring-boot-starter-logging\3.4.0-M3\spring-boot-starter-logging-3.4.0-M3.jar;C:\Users\Vladyslav\.m2\repository\ch\qos\logback\logback-classic\1.5.8\logback-classic-1.5.8.jar;C:\Users\Vladyslav\.m2\repository\ch\qos\logback\logback-core\1.5.8\logback-core-1.5.8.jar;C:\Users\Vladyslav\.m2\repository\org\apache\logging\log4j\log4j-to-slf4j\2.24.0\log4j-to-slf4j-2.24.0.jar;C:\Users\Vladyslav\.m2\repository\org\apache\logging\log4j\log4j-api\2.24.0\log4j-api-2.24.0.jar;C:\Users\Vladyslav\.m2\repository\org\slf4j\jul-to-slf4j\2.0.16\jul-to-slf4j-2.0.16.jar;C:\Users\Vladyslav\.m2\repository\jakarta\annotation\jakarta.annotation-api\2.1.1\jakarta.annotation-api-2.1.1.jar;C:\Users\Vladyslav\.m2\repository\org\springframework\spring-core\6.2.0-RC1\spring-core-6.2.0-RC1.jar;C:\Users\Vladyslav\.m2\repository\org\springframework\spring-jcl\6.2.0-RC1\spring-jcl-6.2.0-RC1.jar;C:\Users\Vladyslav\.m2\repository\org\yaml\snakeyaml\2.3\snakeyaml-2.3.jar;C:\Users\Vladyslav\.m2\repository\org\springframework\boot\spring-boot-starter-test\3.4.0-M3\spring-boot-starter-test-3.4.0-M3.jar;C:\Users\Vladyslav\.m2\repository\org\springframework\boot\spring-boot-test\3.4.0-M3\spring-boot-test-3.4.0-M3.jar;C:\Users\Vladyslav\.m2\repository\org\springframework\boot\spring-boot-test-autoconfigure\3.4.0-M3\spring-boot-test-autoconfigure-3.4.0-M3.jar;C:\Users\Vladyslav\.m2\repository\com\jayway\jsonpath\json-path\2.9.0\json-path-2.9.0.jar;C:\Users\Vladyslav\.m2\repository\org\slf4j\slf4j-api\2.0.16\slf4j-api-2.0.16.jar;C:\Users\Vladyslav\.m2\repository\jakarta\xml\bind\jakarta.xml.bind-api\4.0.2\jakarta.xml.bind-api-4.0.2.jar;C:\Users\Vladyslav\.m2\repository\jakarta\activation\jakarta.activation-api\2.1.3\jakarta.activation-api-2.1.3.jar;C:\Users\Vladyslav\.m2\repository\net\minidev\json-smart\2.5.1\json-smart-2.5.1.jar;C:\Users\Vladyslav\.m2\repository\net\minidev\accessors-smart\2.5.1\accessors-smart-2.5.1.jar;C:\Users\Vladyslav\.m2\repository\org\ow2\asm\asm\9.6\asm-9.6.jar;C:\Users\Vladyslav\.m2\repository\org\assertj\assertj-core\3.26.3\assertj-core-3.26.3.jar;C:\Users\Vladyslav\.m2\repository\net\bytebuddy\byte-buddy\1.15.1\byte-buddy-1.15.1.jar;C:\Users\Vladyslav\.m2\repository\org\awaitility\awaitility\4.2.2\awaitility-4.2.2.jar;C:\Users\Vladyslav\.m2\repository\org\hamcrest\hamcrest\2.2\hamcrest-2.2.jar;C:\Users\Vladyslav\.m2\repository\org\junit\jupiter\junit-jupiter\5.11.0\junit-jupiter-5.11.0.jar;C:\Users\Vladyslav\.m2\repository\org\junit\jupiter\junit-jupiter-api\5.11.0\junit-jupiter-api-5.11.0.jar;C:\Users\Vladyslav\.m2\repository\org\opentest4j\opentest4j\1.3.0\opentest4j-1.3.0.jar;C:\Users\Vladyslav\.m2\repository\org\junit\platform\junit-platform-commons\1.11.0\junit-platform-commons-1.11.0.jar;C:\Users\Vladyslav\.m2\repository\org\apiguardian\apiguardian-api\1.1.2\apiguardian-api-1.1.2.jar;C:\Users\Vladyslav\.m2\repository\org\junit\jupiter\junit-jupiter-params\5.11.0\junit-jupiter-params-5.11.0.jar;C:\Users\Vladyslav\.m2\repository\org\junit\jupiter\junit-jupiter-engine\5.11.0\junit-jupiter-engine-5.11.0.jar;C:\Users\Vladyslav\.m2\repository\org\junit\platform\junit-platform-engine\1.11.0\junit-platform-engine-1.11.0.jar;C:\Users\Vladyslav\.m2\repository\org\mockito\mockito-core\5.13.0\mockito-core-5.13.0.jar;C:\Users\Vladyslav\.m2\repository\net\bytebuddy\byte-buddy-agent\1.15.1\byte-buddy-agent-1.15.1.jar;C:\Users\Vladyslav\.m2\repository\org\objenesis\objenesis\3.3\objenesis-3.3.jar;C:\Users\Vladyslav\.m2\repository\org\mockito\mockito-junit-jupiter\5.13.0\mockito-junit-jupiter-5.13.0.jar;C:\Users\Vladyslav\.m2\repository\org\skyscreamer\jsonassert\1.5.3\jsonassert-1.5.3.jar;C:\Users\Vladyslav\.m2\repository\com\vaadin\external\google\android-json\0.0.20131108.vaadin1\android-json-0.0.20131108.vaadin1.jar;C:\Users\Vladyslav\.m2\repository\org\springframework\spring-test\6.2.0-RC1\spring-test-6.2.0-RC1.jar;C:\Users\Vladyslav\.m2\repository\org\xmlunit\xmlunit-core\2.10.0\xmlunit-core-2.10.0.jar;C:\Users\Vladyslav\.m2\repository\org\springframework\boot\spring-boot-starter-data-jpa\3.4.0-M3\spring-boot-starter-data-jpa-3.4.0-M3.jar;C:\Users\Vladyslav\.m2\repository\org\springframework\boot\spring-boot-starter-aop\3.4.0-M3\spring-boot-starter-aop-3.4.0-M3.jar;C:\Users\Vladyslav\.m2\repository\org\springframework\spring-aop\6.2.0-RC1\spring-aop-6.2.0-RC1.jar;C:\Users\Vladyslav\.m2\repository\org\aspectj\aspectjweaver\1.9.22.1\aspectjweaver-1.9.22.1.jar;C:\Users\Vladyslav\.m2\repository\org\springframework\boot\spring-boot-starter-jdbc\3.4.0-M3\spring-boot-starter-jdbc-3.4.0-M3.jar;C:\Users\Vladyslav\.m2\repository\com\zaxxer\HikariCP\5.1.0\HikariCP-5.1.0.jar;C:\Users\Vladyslav\.m2\repository\org\springframework\spring-jdbc\6.2.0-RC1\spring-jdbc-6.2.0-RC1.jar;C:\Users\Vladyslav\.m2\repository\org\hibernate\orm\hibernate-core\6.6.1.Final\hibernate-core-6.6.1.Final.jar;C:\Users\Vladyslav\.m2\repository\jakarta\persistence\jakarta.persistence-api\3.1.0\jakarta.persistence-api-3.1.0.jar;C:\Users\Vladyslav\.m2\repository\jakarta\transaction\jakarta.transaction-api\2.0.1\jakarta.transaction-api-2.0.1.jar;C:\Users\Vladyslav\.m2\repository\org\jboss\logging\jboss-logging\3.6.1.Final\jboss-logging-3.6.1.Final.jar;C:\Users\Vladyslav\.m2\repository\org\hibernate\common\hibernate-commons-annotations\7.0.1.Final\hibernate-commons-annotations-7.0.1.Final.jar;C:\Users\Vladyslav\.m2\repository\io\smallrye\jandex\3.2.0\jandex-3.2.0.jar;C:\Users\Vladyslav\.m2\repository\com\fasterxml\classmate\1.7.0\classmate-1.7.0.jar;C:\Users\Vladyslav\.m2\repository\org\glassfish\jaxb\jaxb-runtime\4.0.5\jaxb-runtime-4.0.5.jar;C:\Users\Vladyslav\.m2\repository\org\glassfish\jaxb\jaxb-core\4.0.5\jaxb-core-4.0.5.jar;C:\Users\Vladyslav\.m2\repository\org\eclipse\angus\angus-activation\2.0.2\angus-activation-2.0.2.jar;C:\Users\Vladyslav\.m2\repository\org\glassfish\jaxb\txw2\4.0.5\txw2-4.0.5.jar;C:\Users\Vladyslav\.m2\repository\com\sun\istack\istack-commons-runtime\4.1.2\istack-commons-runtime-4.1.2.jar;C:\Users\Vladyslav\.m2\repository\jakarta\inject\jakarta.inject-api\2.0.1\jakarta.inject-api-2.0.1.jar;C:\Users\Vladyslav\.m2\repository\org\antlr\antlr4-runtime\4.13.0\antlr4-runtime-4.13.0.jar;C:\Users\Vladyslav\.m2\repository\org\springframework\data\spring-data-jpa\3.4.0-M1\spring-data-jpa-3.4.0-M1.jar;C:\Users\Vladyslav\.m2\repository\org\springframework\data\spring-data-commons\3.4.0-M1\spring-data-commons-3.4.0-M1.jar;C:\Users\Vladyslav\.m2\repository\org\springframework\spring-orm\6.2.0-RC1\spring-orm-6.2.0-RC1.jar;C:\Users\Vladyslav\.m2\repository\org\springframework\spring-tx\6.2.0-RC1\spring-tx-6.2.0-RC1.jar;C:\Users\Vladyslav\.m2\repository\org\springframework\spring-beans\6.2.0-RC1\spring-beans-6.2.0-RC1.jar;C:\Users\Vladyslav\.m2\repository\org\springframework\spring-aspects\6.2.0-RC1\spring-aspects-6.2.0-RC1.jar;C:\Users\Vladyslav\.m2\repository\org\projectlombok\lombok\1.18.34\lombok-1.18.34.jar;C:\Users\Vladyslav\.m2\repository\com\h2database\h2\2.3.232\h2-2.3.232.jar;C:\Users\Vladyslav\.m2\repository\com\mysql\mysql-connector-j\8.0.33\mysql-connector-j-8.0.33.jar;"/>
    <property name="java.vm.vendor" value="Oracle Corporation"/>
    <property name="sun.arch.data.model" value="64"/>
    <property name="user.variant" value=""/>
    <property name="java.vendor.url" value="https://java.oracle.com/"/>
    <property name="user.timezone" value="Europe/Warsaw"/>
    <property name="org.jboss.logging.provider" value="slf4j"/>
    <property name="os.name" value="Windows 11"/>
    <property name="java.vm.specification.version" value="18"/>
    <property name="sun.java.launcher" value="SUN_STANDARD"/>
    <property name="user.country" value="US"/>
    <property name="sun.boot.library.path" value="C:\Program Files\Java\jdk-18.0.1.1\bin"/>
    <property name="sun.java.command" value="C:\Users\Vladyslav\AppData\Local\Temp\surefire874474248650357929\surefirebooter-20241001164617360_3.jar C:\Users\Vladyslav\AppData\Local\Temp\surefire874474248650357929 2024-10-01T16-46-17_263-jvmRun1 surefire-20241001164617360_1tmp surefire_0-20241001164617360_2tmp"/>
    <property name="jdk.debug" value="release"/>
    <property name="surefire.test.class.path" value="C:\Users\Vladyslav\IdeaProjects\spring-boot-book-store\target\test-classes;C:\Users\Vladyslav\IdeaProjects\spring-boot-book-store\target\classes;C:\Users\Vladyslav\.m2\repository\org\springframework\boot\spring-boot-starter\3.4.0-M3\spring-boot-starter-3.4.0-M3.jar;C:\Users\Vladyslav\.m2\repository\org\springframework\boot\spring-boot\3.4.0-M3\spring-boot-3.4.0-M3.jar;C:\Users\Vladyslav\.m2\repository\org\springframework\spring-context\6.2.0-RC1\spring-context-6.2.0-RC1.jar;C:\Users\Vladyslav\.m2\repository\org\springframework\spring-expression\6.2.0-RC1\spring-expression-6.2.0-RC1.jar;C:\Users\Vladyslav\.m2\repository\io\micrometer\micrometer-observation\1.14.0-M3\micrometer-observation-1.14.0-M3.jar;C:\Users\Vladyslav\.m2\repository\io\micrometer\micrometer-commons\1.14.0-M3\micrometer-commons-1.14.0-M3.jar;C:\Users\Vladyslav\.m2\repository\org\springframework\boot\spring-boot-autoconfigure\3.4.0-M3\spring-boot-autoconfigure-3.4.0-M3.jar;C:\Users\Vladyslav\.m2\repository\org\springframework\boot\spring-boot-starter-logging\3.4.0-M3\spring-boot-starter-logging-3.4.0-M3.jar;C:\Users\Vladyslav\.m2\repository\ch\qos\logback\logback-classic\1.5.8\logback-classic-1.5.8.jar;C:\Users\Vladyslav\.m2\repository\ch\qos\logback\logback-core\1.5.8\logback-core-1.5.8.jar;C:\Users\Vladyslav\.m2\repository\org\apache\logging\log4j\log4j-to-slf4j\2.24.0\log4j-to-slf4j-2.24.0.jar;C:\Users\Vladyslav\.m2\repository\org\apache\logging\log4j\log4j-api\2.24.0\log4j-api-2.24.0.jar;C:\Users\Vladyslav\.m2\repository\org\slf4j\jul-to-slf4j\2.0.16\jul-to-slf4j-2.0.16.jar;C:\Users\Vladyslav\.m2\repository\jakarta\annotation\jakarta.annotation-api\2.1.1\jakarta.annotation-api-2.1.1.jar;C:\Users\Vladyslav\.m2\repository\org\springframework\spring-core\6.2.0-RC1\spring-core-6.2.0-RC1.jar;C:\Users\Vladyslav\.m2\repository\org\springframework\spring-jcl\6.2.0-RC1\spring-jcl-6.2.0-RC1.jar;C:\Users\Vladyslav\.m2\repository\org\yaml\snakeyaml\2.3\snakeyaml-2.3.jar;C:\Users\Vladyslav\.m2\repository\org\springframework\boot\spring-boot-starter-test\3.4.0-M3\spring-boot-starter-test-3.4.0-M3.jar;C:\Users\Vladyslav\.m2\repository\org\springframework\boot\spring-boot-test\3.4.0-M3\spring-boot-test-3.4.0-M3.jar;C:\Users\Vladyslav\.m2\repository\org\springframework\boot\spring-boot-test-autoconfigure\3.4.0-M3\spring-boot-test-autoconfigure-3.4.0-M3.jar;C:\Users\Vladyslav\.m2\repository\com\jayway\jsonpath\json-path\2.9.0\json-path-2.9.0.jar;C:\Users\Vladyslav\.m2\repository\org\slf4j\slf4j-api\2.0.16\slf4j-api-2.0.16.jar;C:\Users\Vladyslav\.m2\repository\jakarta\xml\bind\jakarta.xml.bind-api\4.0.2\jakarta.xml.bind-api-4.0.2.jar;C:\Users\Vladyslav\.m2\repository\jakarta\activation\jakarta.activation-api\2.1.3\jakarta.activation-api-2.1.3.jar;C:\Users\Vladyslav\.m2\repository\net\minidev\json-smart\2.5.1\json-smart-2.5.1.jar;C:\Users\Vladyslav\.m2\repository\net\minidev\accessors-smart\2.5.1\accessors-smart-2.5.1.jar;C:\Users\Vladyslav\.m2\repository\org\ow2\asm\asm\9.6\asm-9.6.jar;C:\Users\Vladyslav\.m2\repository\org\assertj\assertj-core\3.26.3\assertj-core-3.26.3.jar;C:\Users\Vladyslav\.m2\repository\net\bytebuddy\byte-buddy\1.15.1\byte-buddy-1.15.1.jar;C:\Users\Vladyslav\.m2\repository\org\awaitility\awaitility\4.2.2\awaitility-4.2.2.jar;C:\Users\Vladyslav\.m2\repository\org\hamcrest\hamcrest\2.2\hamcrest-2.2.jar;C:\Users\Vladyslav\.m2\repository\org\junit\jupiter\junit-jupiter\5.11.0\junit-jupiter-5.11.0.jar;C:\Users\Vladyslav\.m2\repository\org\junit\jupiter\junit-jupiter-api\5.11.0\junit-jupiter-api-5.11.0.jar;C:\Users\Vladyslav\.m2\repository\org\opentest4j\opentest4j\1.3.0\opentest4j-1.3.0.jar;C:\Users\Vladyslav\.m2\repository\org\junit\platform\junit-platform-commons\1.11.0\junit-platform-commons-1.11.0.jar;C:\Users\Vladyslav\.m2\repository\org\apiguardian\apiguardian-api\1.1.2\apiguardian-api-1.1.2.jar;C:\Users\Vladyslav\.m2\repository\org\junit\jupiter\junit-jupiter-params\5.11.0\junit-jupiter-params-5.11.0.jar;C:\Users\Vladyslav\.m2\repository\org\junit\jupiter\junit-jupiter-engine\5.11.0\junit-jupiter-engine-5.11.0.jar;C:\Users\Vladyslav\.m2\repository\org\junit\platform\junit-platform-engine\1.11.0\junit-platform-engine-1.11.0.jar;C:\Users\Vladyslav\.m2\repository\org\mockito\mockito-core\5.13.0\mockito-core-5.13.0.jar;C:\Users\Vladyslav\.m2\repository\net\bytebuddy\byte-buddy-agent\1.15.1\byte-buddy-agent-1.15.1.jar;C:\Users\Vladyslav\.m2\repository\org\objenesis\objenesis\3.3\objenesis-3.3.jar;C:\Users\Vladyslav\.m2\repository\org\mockito\mockito-junit-jupiter\5.13.0\mockito-junit-jupiter-5.13.0.jar;C:\Users\Vladyslav\.m2\repository\org\skyscreamer\jsonassert\1.5.3\jsonassert-1.5.3.jar;C:\Users\Vladyslav\.m2\repository\com\vaadin\external\google\android-json\0.0.20131108.vaadin1\android-json-0.0.20131108.vaadin1.jar;C:\Users\Vladyslav\.m2\repository\org\springframework\spring-test\6.2.0-RC1\spring-test-6.2.0-RC1.jar;C:\Users\Vladyslav\.m2\repository\org\xmlunit\xmlunit-core\2.10.0\xmlunit-core-2.10.0.jar;C:\Users\Vladyslav\.m2\repository\org\springframework\boot\spring-boot-starter-data-jpa\3.4.0-M3\spring-boot-starter-data-jpa-3.4.0-M3.jar;C:\Users\Vladyslav\.m2\repository\org\springframework\boot\spring-boot-starter-aop\3.4.0-M3\spring-boot-starter-aop-3.4.0-M3.jar;C:\Users\Vladyslav\.m2\repository\org\springframework\spring-aop\6.2.0-RC1\spring-aop-6.2.0-RC1.jar;C:\Users\Vladyslav\.m2\repository\org\aspectj\aspectjweaver\1.9.22.1\aspectjweaver-1.9.22.1.jar;C:\Users\Vladyslav\.m2\repository\org\springframework\boot\spring-boot-starter-jdbc\3.4.0-M3\spring-boot-starter-jdbc-3.4.0-M3.jar;C:\Users\Vladyslav\.m2\repository\com\zaxxer\HikariCP\5.1.0\HikariCP-5.1.0.jar;C:\Users\Vladyslav\.m2\repository\org\springframework\spring-jdbc\6.2.0-RC1\spring-jdbc-6.2.0-RC1.jar;C:\Users\Vladyslav\.m2\repository\org\hibernate\orm\hibernate-core\6.6.1.Final\hibernate-core-6.6.1.Final.jar;C:\Users\Vladyslav\.m2\repository\jakarta\persistence\jakarta.persistence-api\3.1.0\jakarta.persistence-api-3.1.0.jar;C:\Users\Vladyslav\.m2\repository\jakarta\transaction\jakarta.transaction-api\2.0.1\jakarta.transaction-api-2.0.1.jar;C:\Users\Vladyslav\.m2\repository\org\jboss\logging\jboss-logging\3.6.1.Final\jboss-logging-3.6.1.Final.jar;C:\Users\Vladyslav\.m2\repository\org\hibernate\common\hibernate-commons-annotations\7.0.1.Final\hibernate-commons-annotations-7.0.1.Final.jar;C:\Users\Vladyslav\.m2\repository\io\smallrye\jandex\3.2.0\jandex-3.2.0.jar;C:\Users\Vladyslav\.m2\repository\com\fasterxml\classmate\1.7.0\classmate-1.7.0.jar;C:\Users\Vladyslav\.m2\repository\org\glassfish\jaxb\jaxb-runtime\4.0.5\jaxb-runtime-4.0.5.jar;C:\Users\Vladyslav\.m2\repository\org\glassfish\jaxb\jaxb-core\4.0.5\jaxb-core-4.0.5.jar;C:\Users\Vladyslav\.m2\repository\org\eclipse\angus\angus-activation\2.0.2\angus-activation-2.0.2.jar;C:\Users\Vladyslav\.m2\repository\org\glassfish\jaxb\txw2\4.0.5\txw2-4.0.5.jar;C:\Users\Vladyslav\.m2\repository\com\sun\istack\istack-commons-runtime\4.1.2\istack-commons-runtime-4.1.2.jar;C:\Users\Vladyslav\.m2\repository\jakarta\inject\jakarta.inject-api\2.0.1\jakarta.inject-api-2.0.1.jar;C:\Users\Vladyslav\.m2\repository\org\antlr\antlr4-runtime\4.13.0\antlr4-runtime-4.13.0.jar;C:\Users\Vladyslav\.m2\repository\org\springframework\data\spring-data-jpa\3.4.0-M1\spring-data-jpa-3.4.0-M1.jar;C:\Users\Vladyslav\.m2\repository\org\springframework\data\spring-data-commons\3.4.0-M1\spring-data-commons-3.4.0-M1.jar;C:\Users\Vladyslav\.m2\repository\org\springframework\spring-orm\6.2.0-RC1\spring-orm-6.2.0-RC1.jar;C:\Users\Vladyslav\.m2\repository\org\springframework\spring-tx\6.2.0-RC1\spring-tx-6.2.0-RC1.jar;C:\Users\Vladyslav\.m2\repository\org\springframework\spring-beans\6.2.0-RC1\spring-beans-6.2.0-RC1.jar;C:\Users\Vladyslav\.m2\repository\org\springframework\spring-aspects\6.2.0-RC1\spring-aspects-6.2.0-RC1.jar;C:\Users\Vladyslav\.m2\repository\org\projectlombok\lombok\1.18.34\lombok-1.18.34.jar;C:\Users\Vladyslav\.m2\repository\com\h2database\h2\2.3.232\h2-2.3.232.jar;C:\Users\Vladyslav\.m2\repository\com\mysql\mysql-connector-j\8.0.33\mysql-connector-j-8.0.33.jar;"/>
    <property name="sun.cpu.endian" value="little"/>
    <property name="user.home" value="C:\Users\Vladyslav"/>
    <property name="user.language" value="en"/>
    <property name="java.specification.vendor" value="Oracle Corporation"/>
    <property name="java.version.date" value="2022-04-22"/>
    <property name="java.home" value="C:\Program Files\Java\jdk-18.0.1.1"/>
    <property name="file.separator" value="\"/>
    <property name="basedir" value="C:\Users\Vladyslav\IdeaProjects\spring-boot-book-store"/>
    <property name="java.vm.compressedOopsMode" value="Zero based"/>
    <property name="line.separator" value="&#10;"/>
    <property name="java.vm.specification.vendor" value="Oracle Corporation"/>
    <property name="java.specification.name" value="Java Platform API Specification"/>
    <property name="FILE_LOG_CHARSET" value="UTF-8"/>
    <property name="java.awt.headless" value="true"/>
    <property name="surefire.real.class.path" value="C:\Users\Vladyslav\AppData\Local\Temp\surefire874474248650357929\surefirebooter-20241001164617360_3.jar"/>
    <property name="user.script" value=""/>
    <property name="sun.management.compiler" value="HotSpot 64-Bit Tiered Compilers"/>
    <property name="java.runtime.version" value="18.0.1.1+2-6"/>
    <property name="user.name" value="Vladyslav"/>
    <property name="path.separator" value=";"/>
    <property name="os.version" value="10.0"/>
    <property name="java.runtime.name" value="Java(TM) SE Runtime Environment"/>
    <property name="file.encoding" value="UTF-8"/>
    <property name="java.vm.name" value="Java HotSpot(TM) 64-Bit Server VM"/>
    <property name="localRepository" value="C:\Users\Vladyslav\.m2\repository"/>
    <property name="java.vendor.url.bug" value="https://bugreport.java.com/bugreport/"/>
    <property name="java.io.tmpdir" value="C:\Users\VLADYS~1\AppData\Local\Temp\"/>
    <property name="com.zaxxer.hikari.pool_number" value="1"/>
    <property name="java.version" value="18.0.1.1"/>
    <property name="user.dir" value="C:\Users\Vladyslav\IdeaProjects\spring-boot-book-store"/>
    <property name="os.arch" value="amd64"/>
    <property name="java.vm.specification.name" value="Java Virtual Machine Specification"/>
    <property name="PID" value="5468"/>
    <property name="sun.os.patch.level" value=""/>
    <property name="CONSOLE_LOG_CHARSET" value="UTF-8"/>
    <property name="native.encoding" value="Cp1252"/>
    <property name="java.library.path" value="C:\Program Files\Java\jdk-18.0.1.1\bin;C:\Windows\Sun\Java\bin;C:\Windows\system32;C:\Windows;C:\Program Files\Common Files\Oracle\Java\javapath;C:\Windows\system32;C:\Windows;C:\Windows\System32\Wbem;C:\Windows\System32\WindowsPowerShell\v1.0\;C:\Windows\System32\OpenSSH\;C:\Program Files (x86)\NVIDIA Corporation\PhysX\Common;C:\Program Files\Java\jdk-18.0.1.1\bin;C:\Program Files\apache-maven-3.8.6\bin;C:\Program Files\NVIDIA Corporation\NVIDIA NvDLISR;C:\Program Files\dotnet\;C:\Program Files\gradle-8.1\bin;C:\Program Files (x86)\ClockworkMod\platform-tools;C:\Program Files\MySQL\MySQL Server 8.0\bin;C:\Program Files\MySQL\MySQL Shell 8.0\bin;C:\Program Files\Git\cmd;C:\Program Files\MySQL\MySQL Shell 8.0\bin;C:\Users\Vladyslav\AppData\Local\Microsoft\WindowsApps;C:\Program Files\JetBrains\IntelliJ IDEA Community Edition 2022.1.1\bin;;C:\Users\Vladyslav\AppData\Local\Programs\Microsoft VS Code\bin;C:\Users\Vladyslav\AppData\Local\Muse Hub\lib;."/>
    <property name="java.vm.info" value="mixed mode, sharing"/>
    <property name="java.vendor" value="Oracle Corporation"/>
    <property name="java.vm.version" value="18.0.1.1+2-6"/>
    <property name="sun.io.unicode.encoding" value="UnicodeLittle"/>
    <property name="java.class.version" value="62.0"/>
  </properties>
  <testcase name="contextLoads" classname="com.store.bookstore.BookStoreApplicationTests" time="0.257">
    <system-out><![CDATA[16:46:17.920 [main] INFO org.springframework.test.context.support.AnnotationConfigContextLoaderUtils -- Could not detect default configuration classes for test class [com.store.bookstore.BookStoreApplicationTests]: BookStoreApplicationTests does not declare any static, non-private, non-final, nested classes annotated with @Configuration.
16:46:17.991 [main] INFO org.springframework.boot.test.context.SpringBootTestContextBootstrapper -- Found @SpringBootConfiguration com.store.bookstore.BookStoreApplication for test class com.store.bookstore.BookStoreApplicationTests

  .   ____          _            __ _ _
 /\\ / ___'_ __ _ _(_)_ __  __ _ \ \ \ \
( ( )\___ | '_ | '_| | '_ \/ _` | \ \ \ \
 \\/  ___)| |_)| | | | | || (_| |  ) ) ) )
  '  |____| .__|_| |_|_| |_\__, | / / / /
 =========|_|==============|___/=/_/_/_/

 :: Spring Boot ::             (v3.4.0-M3)

2024-10-01T16:46:18.240+02:00  INFO 5468 --- [           main] c.s.bookstore.BookStoreApplicationTests  : Starting BookStoreApplicationTests using Java 18.0.1.1 with PID 5468 (started by Vladyslav in C:\Users\Vladyslav\IdeaProjects\spring-boot-book-store)
2024-10-01T16:46:18.241+02:00  INFO 5468 --- [           main] c.s.bookstore.BookStoreApplicationTests  : No active profile set, falling back to 1 default profile: "default"
2024-10-01T16:46:18.493+02:00  INFO 5468 --- [           main] .s.d.r.c.RepositoryConfigurationDelegate : Bootstrapping Spring Data JPA repositories in DEFAULT mode.
2024-10-01T16:46:18.512+02:00  INFO 5468 --- [           main] .s.d.r.c.RepositoryConfigurationDelegate : Finished Spring Data repository scanning in 11 ms. Found 0 JPA repository interfaces.
2024-10-01T16:46:18.726+02:00  INFO 5468 --- [           main] com.zaxxer.hikari.HikariDataSource       : HikariPool-1 - Starting...
2024-10-01T16:46:18.883+02:00  INFO 5468 --- [           main] com.zaxxer.hikari.pool.HikariPool        : HikariPool-1 - Added connection conn0: url=jdbc:h2:mem:testdb user=SA
2024-10-01T16:46:18.884+02:00  INFO 5468 --- [           main] com.zaxxer.hikari.HikariDataSource       : HikariPool-1 - Start completed.
2024-10-01T16:46:18.939+02:00  INFO 5468 --- [           main] o.hibernate.jpa.internal.util.LogHelper  : HHH000204: Processing PersistenceUnitInfo [name: default]
2024-10-01T16:46:18.980+02:00  INFO 5468 --- [           main] org.hibernate.Version                    : HHH000412: Hibernate ORM core version 6.6.1.Final
2024-10-01T16:46:19.005+02:00  INFO 5468 --- [           main] o.h.c.internal.RegionFactoryInitiator    : HHH000026: Second-level cache disabled
2024-10-01T16:46:19.216+02:00  INFO 5468 --- [           main] o.s.o.j.p.SpringPersistenceUnitInfo      : No LoadTimeWeaver setup: ignoring JPA class transformer
2024-10-01T16:46:19.248+02:00  WARN 5468 --- [           main] org.hibernate.orm.deprecation            : HHH90000025: H2Dialect does not need to be specified explicitly using 'hibernate.dialect' (remove the property setting and it will be selected by default)
2024-10-01T16:46:19.262+02:00  INFO 5468 --- [           main] org.hibernate.orm.connections.pooling    : HHH10001005: Database info:
	Database JDBC URL [Connecting through datasource 'HikariDataSource (HikariPool-1)']
	Database driver: undefined/unknown
	Database version: 2.3.232
	Autocommit mode: undefined/unknown
	Isolation level: undefined/unknown
	Minimum pool size: undefined/unknown
	Maximum pool size: undefined/unknown
2024-10-01T16:46:19.793+02:00  INFO 5468 --- [           main] o.h.e.t.j.p.i.JtaPlatformInitiator       : HHH000489: No JTA platform available (set 'hibernate.transaction.jta.platform' to enable JTA platform integration)
2024-10-01T16:46:19.811+02:00  INFO 5468 --- [           main] j.LocalContainerEntityManagerFactoryBean : Initialized JPA EntityManagerFactory for persistence unit 'default'
2024-10-01T16:46:19.943+02:00  INFO 5468 --- [           main] c.s.bookstore.BookStoreApplicationTests  : Started BookStoreApplicationTests in 1.864 seconds (process running for 2.498)
[Book(id=1, title=White Fang, author=Jack London, isbn=978-1-85813-740-7, price=20.00, description=It is a novel about a wild wolfdog's adventure during the 1890s Klondike Gold Rush., coverImage=https://upload.wikimedia.org/wikipedia/commons/1/14/JackLondonwhitefang1.jpg)]
]]></system-out>
  </testcase>
</testsuite>